<?xml version="1.0" encoding="UTF-8"?>
<testsuite name="com.demo.upimesh.crypto.HybridEncryptionInteroperabilityTest" tests="3" skipped="0" failures="0" errors="0" timestamp="2026-09-16T04:52:46" hostname="M-HAFEEZ" time="0.248">
  <properties/>
  <testcase name="testKotlinEncryptsEnvelopeCompatibleWithJavaFormat()" classname="com.demo.upimesh.crypto.HybridEncryptionInteroperabilityTest" time="0.212"/>
  <testcase name="testJavaGeneratedEnvelopeDecryptedByKotlin()" classname="com.demo.upimesh.crypto.HybridEncryptionInteroperabilityTest" time="0.014"/>
  <testcase name="testTamperedCiphertextThrowsOnDecryption()" classname="com.demo.upimesh.crypto.HybridEncryptionInteroperabilityTest" time="0.017"/>
  <system-out><![CDATA[]]></system-out>
  <system-err><![CDATA[]]></system-err>
</testsuite>
