<?xml version="1.0" encoding="UTF-8"?>
<testsuite name="com.demo.upimesh.crypto.CanonicalizationTest" tests="4" skipped="0" failures="0" errors="0" timestamp="2026-09-16T06:02:33" hostname="M-HAFEEZ" time="0.209">
  <properties/>
  <testcase name="testReceiptCanonicalizationAgainstGoldenVectors()" classname="com.demo.upimesh.crypto.CanonicalizationTest" time="0.147"/>
  <testcase name="testCertificateCanonicalizationAgainstGoldenVectors()" classname="com.demo.upimesh.crypto.CanonicalizationTest" time="0.025"/>
  <testcase name="testV1CanonicalizationAgainstGoldenVectors()" classname="com.demo.upimesh.crypto.CanonicalizationTest" time="0.015"/>
  <testcase name="testV3CanonicalizationAgainstGoldenVectors()" classname="com.demo.upimesh.crypto.CanonicalizationTest" time="0.017"/>
  <system-out><![CDATA[]]></system-out>
  <system-err><![CDATA[]]></system-err>
</testsuite>
