<?xml version="1.0" encoding="UTF-8"?>
<testsuite name="com.demo.upimesh.crypto.GoldenVectorsCrossLanguageTest" tests="2" skipped="0" failures="0" errors="0" timestamp="2026-09-16T04:52:46" hostname="M-HAFEEZ" time="0.085">
  <properties/>
  <testcase name="testFullGoldenVectorCorpusVerification()" classname="com.demo.upimesh.crypto.GoldenVectorsCrossLanguageTest" time="0.083"/>
  <testcase name="testCorpusMetadataAndKeyIntegrity()" classname="com.demo.upimesh.crypto.GoldenVectorsCrossLanguageTest" time="0.001"/>
  <system-out><![CDATA[]]></system-out>
  <system-err><![CDATA[]]></system-err>
</testsuite>
