<?xml version="1.0" encoding="UTF-8"?>
<testsuite name="com.demo.upimesh.db.ObservabilityMetricsTest" tests="2" skipped="0" failures="0" errors="0" timestamp="2026-09-16T06:03:28" hostname="M-HAFEEZ" time="0.009">
  <properties/>
  <testcase name="testWalletOperationsMetricsUseOnlyBoundedLabels()" classname="com.demo.upimesh.db.ObservabilityMetricsTest" time="0.006"/>
  <testcase name="testMetricsCountersIncrement()" classname="com.demo.upimesh.db.ObservabilityMetricsTest" time="0.001"/>
  <system-out><![CDATA[]]></system-out>
  <system-err><![CDATA[]]></system-err>
</testsuite>
