<?xml version="1.0" encoding="UTF-8"?>
<testsuite name="com.demo.upimesh.db.RoomDaoAndPersistenceTest" tests="5" skipped="0" failures="0" errors="0" timestamp="2026-09-16T06:03:31" hostname="M-HAFEEZ" time="0.084">
  <properties/>
  <testcase name="testOfflineWalletDaoPaisaIntegerEnforcement()" classname="com.demo.upimesh.db.RoomDaoAndPersistenceTest" time="0.005"/>
  <testcase name="testPacketFragmentCompositeKeyOperations()" classname="com.demo.upimesh.db.RoomDaoAndPersistenceTest" time="0.014"/>
  <testcase name="testDeviceIdentityDaoCrud()" classname="com.demo.upimesh.db.RoomDaoAndPersistenceTest" time="0.009"/>
  <testcase name="testFileBackedPersistenceAndRestartSurvival(File)" classname="com.demo.upimesh.db.RoomDaoAndPersistenceTest" time="0.039"/>
  <testcase name="testReceivedPacketDeduplication()" classname="com.demo.upimesh.db.RoomDaoAndPersistenceTest" time="0.012"/>
  <system-out><![CDATA[]]></system-out>
  <system-err><![CDATA[]]></system-err>
</testsuite>
