<?xml version="1.0" encoding="UTF-8"?>
<testsuite name="com.demo.upimesh.db.KeyStoreManagerTest" tests="3" skipped="0" failures="0" errors="0" timestamp="2026-09-16T06:03:27" hostname="M-HAFEEZ" time="0.672">
  <properties/>
  <testcase name="testPrivateKeyEncryptionAndDecryptionRoundtrip()" classname="com.demo.upimesh.db.KeyStoreManagerTest" time="0.663"/>
  <testcase name="testBestEffortZeroization()" classname="com.demo.upimesh.db.KeyStoreManagerTest" time="0.001"/>
  <testcase name="testTamperedCiphertextThrowsException()" classname="com.demo.upimesh.db.KeyStoreManagerTest" time="0.004"/>
  <system-out><![CDATA[]]></system-out>
  <system-err><![CDATA[]]></system-err>
</testsuite>
